<?xml version="1.0" encoding="UTF-8"?>
<testsuite xmlns:xsi="http://www.w3.org/2001/XMLSchema-instance" xsi:noNamespaceSchemaLocation="https://maven.apache.org/surefire/maven-surefire-plugin/xsd/surefire-test-report-3.0.xsd" version="3.0" name="kkconverter.UnitTests" time="2,223.444" tests="43" errors="0" skipped="0" failures="4">
  <properties>
[...]
</properties>
  <testcase name="KKadinsure_11001" classname="kkconverter.UnitTests" time="53.473"/>
  <testcase name="KKadinsure_12001" classname="kkconverter.UnitTests" time="51.882"/>
  <testcase name="KKadinsure_20001" classname="kkconverter.UnitTests" time="51.523"/>
  <testcase name="KKadinsure_20002" classname="kkconverter.UnitTests" time="51.562"/>
  <testcase name="KKadinsure_20003" classname="kkconverter.UnitTests" time="51.449"/>
  <testcase name="KKadinsure_20004" classname="kkconverter.UnitTests" time="53.351"/>
  <testcase name="KKadinsure_20005" classname="kkconverter.UnitTests" time="51.754"/>
  <testcase name="KKadinsure_20006" classname="kkconverter.UnitTests" time="51.479"/>
  <testcase name="KKadinsure_30001" classname="kkconverter.UnitTests" time="51.265"/>
  <testcase name="KKadinsure_30002" classname="kkconverter.UnitTests" time="51.563"/>
  <testcase name="KKadinsure_30003" classname="kkconverter.UnitTests" time="51.797"/>
  <testcase name="KKadinsure_30004" classname="kkconverter.UnitTests" time="51.332"/>
  <testcase name="KKadinsure_30005" classname="kkconverter.UnitTests" time="51.62"/>
  <testcase name="KKadinsure_30006" classname="kkconverter.UnitTests" time="51.561"/>
  <testcase name="KKadinsure_30007" classname="kkconverter.UnitTests" time="51.333"/>
  <testcase name="KKadinsure_30008" classname="kkconverter.UnitTests" time="51.232"/>
  <testcase name="KKadinsure_30009" classname="kkconverter.UnitTests" time="51.532"/>
  <testcase name="KKadinsure_70001" classname="kkconverter.UnitTests" time="51.086"/>
  <testcase name="KKadinsure_70002" classname="kkconverter.UnitTests" time="50.793"/>
  <testcase name="KKadinsure_80001" classname="kkconverter.UnitTests" time="51.383"/>
  <testcase name="KKadinsure_80002" classname="kkconverter.UnitTests" time="51.278"/>
  <testcase name="KKadinsure_80003" classname="kkconverter.UnitTests" time="51.047"/>
  <testcase name="KKadinsure_80004" classname="kkconverter.UnitTests" time="51.716"/>
  <testcase name="KKadinsure_80005" classname="kkconverter.UnitTests" time="51.421"/>
  <testcase name="KKadinsure_110001" classname="kkconverter.UnitTests" time="51.732"/>
  <testcase name="KKadinsure_110002" classname="kkconverter.UnitTests" time="51.368"/>
  <testcase name="KKadinsure_110003" classname="kkconverter.UnitTests" time="51.714"/>
  <testcase name="KKadinsure_110004" classname="kkconverter.UnitTests" time="51.294"/>
  <testcase name="KKadinsure_110105" classname="kkconverter.UnitTests" time="51.105"/>
  <testcase name="KKadinsure_120001" classname="kkconverter.UnitTests" time="51.687"/>
  <testcase name="KKadinsure_140001" classname="kkconverter.UnitTests" time="51.196"/>
  <testcase name="KKadinsure_140002" classname="kkconverter.UnitTests" time="50.889">
    <failure message="&#10;Expected: a string containing &quot;40&quot;&#10;     but: was &quot;2674368  2674367  10  null&#10;2674369  2674367  20  null&#10;2674370  2674367  30  RLS.Resolve error.&#10;2674371  2674367  20  null&#10;2674372  2674367  30  RLS.Resolve error.&#10;2674373  2674367  20  null&#10;2674374  2674367  30  RLS.Resolve error.&#10;&quot;" type="java.lang.AssertionError">java.lang.AssertionError: 

Expected: a string containing "40"
     but: was "2674368  2674367  10  null
2674369  2674367  20  null
2674370  2674367  30  RLS.Resolve error.
2674371  2674367  20  null
2674372  2674367  30  RLS.Resolve error.
2674373  2674367  20  null
2674374  2674367  30  RLS.Resolve error.
"
	at kkconverter.UnitTests.checkValues(UnitTests.java:10)
	at kkconverter.UnitTests.KKadinsure_140002(UnitTests.java:530)
</failure>
    <system-out><![CDATA[Steps are: 
2674368  2674367  10  null
2674369  2674367  20  null
2674370  2674367  30  RLS.Resolve error.
2674371  2674367  20  null
2674372  2674367  30  RLS.Resolve error.
2674373  2674367  20  null
2674374  2674367  30  RLS.Resolve error.

]]></system-out>
    <system-err><![CDATA[[main] INFO kkconverter.UnitTests - Starting test: KKadinsure_140002()
[main] INFO kkconverter.UnitTests - message send with CID: 9959279
[main] INFO kkconverter.UnitTests - End test

]]></system-err>
  </testcase>
  <testcase name="KKadinsure_150000" classname="kkconverter.UnitTests" time="51.337">
    <failure message="&#10;Expected: a string containing &quot;40&quot;&#10;     but: was &quot;2063766  2063765  10  null&#10;2063767  2063765  20  XSLT error.&#10;2063768  2063765  20  XSLT error.&#10;2063769  2063765  20  XSLT error.&#10;2674376  2674375  10  null&#10;2674377  2674375  20  null&#10;2674378  2674375  30  RLS.Resolve error.&#10;2674379  2674375  20  null&#10;2674380  2674375  30  RLS.Resolve error.&#10;2674381  2674375  20  null&#10;2674382  2674375  30  RLS.Resolve error.&#10;&quot;" type="java.lang.AssertionError">java.lang.AssertionError: 

Expected: a string containing "40"
     but: was "2063766  2063765  10  null
2063767  2063765  20  XSLT error.
2063768  2063765  20  XSLT error.
2063769  2063765  20  XSLT error.
2674376  2674375  10  null
2674377  2674375  20  null
2674378  2674375  30  RLS.Resolve error.
2674379  2674375  20  null
2674380  2674375  30  RLS.Resolve error.
2674381  2674375  20  null
2674382  2674375  30  RLS.Resolve error.
"
	at kkconverter.UnitTests.checkValues(UnitTests.java:10)
	at kkconverter.UnitTests.KKadinsure_150000(UnitTests.java:543)
</failure>
    <system-out><![CDATA[Steps are: 
2063766  2063765  10  null
2063767  2063765  20  XSLT error.
2063768  2063765  20  XSLT error.
2063769  2063765  20  XSLT error.
2674376  2674375  10  null
2674377  2674375  20  null
2674378  2674375  30  RLS.Resolve error.
2674379  2674375  20  null
2674380  2674375  30  RLS.Resolve error.
2674381  2674375  20  null
2674382  2674375  30  RLS.Resolve error.

]]></system-out>
    <system-err><![CDATA[[main] INFO kkconverter.UnitTests - Starting test: KKadinsure_150000()
[main] INFO kkconverter.UnitTests - message send with CID: 4665477
[main] INFO kkconverter.UnitTests - End test

]]></system-err>
  </testcase>
  <testcase name="KKadinsure_150001" classname="kkconverter.UnitTests" time="51.941">
    <failure message="&#10;Expected: a string containing &quot;40&quot;&#10;     but: was &quot;2674384  2674383  10  null&#10;2674385  2674383  20  null&#10;2674386  2674383  30  RLS.Resolve error.&#10;2674387  2674383  20  null&#10;2674388  2674383  30  RLS.Resolve error.&#10;2674389  2674383  20  null&#10;2674390  2674383  30  RLS.Resolve error.&#10;&quot;" type="java.lang.AssertionError">java.lang.AssertionError: 

Expected: a string containing "40"
     but: was "2674384  2674383  10  null
2674385  2674383  20  null
2674386  2674383  30  RLS.Resolve error.
2674387  2674383  20  null
2674388  2674383  30  RLS.Resolve error.
2674389  2674383  20  null
2674390  2674383  30  RLS.Resolve error.
"
	at kkconverter.UnitTests.checkValues(UnitTests.java:10)
	at kkconverter.UnitTests.KKadinsure_150001(UnitTests.java:555)
</failure>
    <system-out><![CDATA[Steps are: 
2674384  2674383  10  null
2674385  2674383  20  null
2674386  2674383  30  RLS.Resolve error.
2674387  2674383  20  null
2674388  2674383  30  RLS.Resolve error.
2674389  2674383  20  null
2674390  2674383  30  RLS.Resolve error.

]]></system-out>
    <system-err><![CDATA[[main] INFO kkconverter.UnitTests - Starting test: KKadinsure_150001()
[main] INFO kkconverter.UnitTests - message send with CID: 7059185
[main] INFO kkconverter.UnitTests - End test

]]></system-err>
  </testcase>
  <testcase name="KKadinsure_150002" classname="kkconverter.UnitTests" time="52.154">
    <failure message="&#10;Expected: a string containing &quot;40&quot;&#10;     but: was &quot;2674392  2674391  10  null&#10;2674393  2674391  20  null&#10;2674394  2674391  30  RLS.Resolve error.&#10;2674395  2674391  20  null&#10;2674396  2674391  30  RLS.Resolve error.&#10;2674397  2674391  20  null&#10;2674398  2674391  30  RLS.Resolve error.&#10;&quot;" type="java.lang.AssertionError">java.lang.AssertionError: 

Expected: a string containing "40"
     but: was "2674392  2674391  10  null
2674393  2674391  20  null
2674394  2674391  30  RLS.Resolve error.
2674395  2674391  20  null
2674396  2674391  30  RLS.Resolve error.
2674397  2674391  20  null
2674398  2674391  30  RLS.Resolve error.
"
	at kkconverter.UnitTests.checkValues(UnitTests.java:10)
	at kkconverter.UnitTests.KKadinsure_150002(UnitTests.java:567)
</failure>
    <system-out><![CDATA[Steps are: 
2674392  2674391  10  null
2674393  2674391  20  null
2674394  2674391  30  RLS.Resolve error.
2674395  2674391  20  null
2674396  2674391  30  RLS.Resolve error.
2674397  2674391  20  null
2674398  2674391  30  RLS.Resolve error.

]]></system-out>
    <system-err><![CDATA[[main] INFO kkconverter.UnitTests - Starting test: KKadinsure_150002()
[main] INFO kkconverter.UnitTests - message send with CID: 0810773
[main] INFO kkconverter.UnitTests - End test

]]></system-err>
  </testcase>
  <testcase name="KKadinsure_1" classname="kkconverter.UnitTests" time="52.83"/>
  <testcase name="KKadinsure_2" classname="kkconverter.UnitTests" time="51.574"/>
  <testcase name="KKadinsure_3" classname="kkconverter.UnitTests" time="52.008"/>
  <testcase name="KKadinsure_4" classname="kkconverter.UnitTests" time="52.855"/>
  <testcase name="KKadinsure_5" classname="kkconverter.UnitTests" time="51.909"/>
  <testcase name="KKadinsure_6" classname="kkconverter.UnitTests" time="53.731"/>
  <testcase name="KKadinsure_7" classname="kkconverter.UnitTests" time="51.897"/>
  <testcase name="KKadinsure_8" classname="kkconverter.UnitTests" time="51.756"/>
</testsuite>