<?xml version="1.0" encoding="UTF-8"?>
<testsuite xmlns:xsi="http://www.w3.org/2001/XMLSchema-instance" xsi:noNamespaceSchemaLocation="https://maven.apache.org/surefire/maven-surefire-plugin/xsd/surefire-test-report-3.0.xsd" version="3.0" name="kkconverter.UnitTests" time="2,190.155" tests="43" errors="0" skipped="0" failures="0">
  <properties>
[...]
</properties>
  <testcase name="KKadinsure_11001" classname="kkconverter.UnitTests" time="51.781"/>
  <testcase name="KKadinsure_12001" classname="kkconverter.UnitTests" time="50.7"/>
  <testcase name="KKadinsure_20001" classname="kkconverter.UnitTests" time="50.732"/>
  <testcase name="KKadinsure_20002" classname="kkconverter.UnitTests" time="50.769"/>
  <testcase name="KKadinsure_20003" classname="kkconverter.UnitTests" time="50.7"/>
  <testcase name="KKadinsure_20004" classname="kkconverter.UnitTests" time="50.739"/>
  <testcase name="KKadinsure_20005" classname="kkconverter.UnitTests" time="50.681"/>
  <testcase name="KKadinsure_20006" classname="kkconverter.UnitTests" time="50.703"/>
  <testcase name="KKadinsure_30001" classname="kkconverter.UnitTests" time="51.025"/>
  <testcase name="KKadinsure_30002" classname="kkconverter.UnitTests" time="51.031"/>
  <testcase name="KKadinsure_30003" classname="kkconverter.UnitTests" time="50.755"/>
  <testcase name="KKadinsure_30004" classname="kkconverter.UnitTests" time="50.721"/>
  <testcase name="KKadinsure_30005" classname="kkconverter.UnitTests" time="50.715"/>
  <testcase name="KKadinsure_30006" classname="kkconverter.UnitTests" time="50.719"/>
  <testcase name="KKadinsure_30007" classname="kkconverter.UnitTests" time="50.713"/>
  <testcase name="KKadinsure_30008" classname="kkconverter.UnitTests" time="50.812"/>
  <testcase name="KKadinsure_30009" classname="kkconverter.UnitTests" time="50.753"/>
  <testcase name="KKadinsure_70001" classname="kkconverter.UnitTests" time="50.713"/>
  <testcase name="KKadinsure_70002" classname="kkconverter.UnitTests" time="50.684"/>
  <testcase name="KKadinsure_80001" classname="kkconverter.UnitTests" time="50.704"/>
  <testcase name="KKadinsure_80002" classname="kkconverter.UnitTests" time="50.727"/>
  <testcase name="KKadinsure_80003" classname="kkconverter.UnitTests" time="50.672"/>
  <testcase name="KKadinsure_80004" classname="kkconverter.UnitTests" time="50.703"/>
  <testcase name="KKadinsure_80005" classname="kkconverter.UnitTests" time="50.706"/>
  <testcase name="KKadinsure_110001" classname="kkconverter.UnitTests" time="50.686"/>
  <testcase name="KKadinsure_110002" classname="kkconverter.UnitTests" time="51.104"/>
  <testcase name="KKadinsure_110003" classname="kkconverter.UnitTests" time="51.006"/>
  <testcase name="KKadinsure_110004" classname="kkconverter.UnitTests" time="50.66"/>
  <testcase name="KKadinsure_110105" classname="kkconverter.UnitTests" time="50.706"/>
  <testcase name="KKadinsure_120001" classname="kkconverter.UnitTests" time="50.694"/>
  <testcase name="KKadinsure_140001" classname="kkconverter.UnitTests" time="50.706"/>
  <testcase name="KKadinsure_140002" classname="kkconverter.UnitTests" time="50.695"/>
  <testcase name="KKadinsure_150000" classname="kkconverter.UnitTests" time="50.691"/>
  <testcase name="KKadinsure_150001" classname="kkconverter.UnitTests" time="51.094"/>
  <testcase name="KKadinsure_150002" classname="kkconverter.UnitTests" time="51.132"/>
  <testcase name="KKadinsure_1" classname="kkconverter.UnitTests" time="50.684"/>
  <testcase name="KKadinsure_2" classname="kkconverter.UnitTests" time="54.184"/>
  <testcase name="KKadinsure_3" classname="kkconverter.UnitTests" time="51.586"/>
  <testcase name="KKadinsure_4" classname="kkconverter.UnitTests" time="51.145"/>
  <testcase name="KKadinsure_5" classname="kkconverter.UnitTests" time="50.892"/>
  <testcase name="KKadinsure_6" classname="kkconverter.UnitTests" time="51.218"/>
  <testcase name="KKadinsure_7" classname="kkconverter.UnitTests" time="50.974"/>
  <testcase name="KKadinsure_8" classname="kkconverter.UnitTests" time="51.332"/>
</testsuite>